<?xml version="1.0" encoding="UTF-8"?>
<!-- Generated by org.testng.reporters.JUnitReportReporter -->
<testsuite hostname="DESKTOP-0C32FSB" failures="0" tests="1" name="com.project.ErrorTest" time="31.897" errors="0" timestamp="2024-05-05T21:28:12 IST" skipped="0">
  <testcase classname="com.project.ErrorTest" name="payload_field" time="31.897"/>
  <system-out/>
</testsuite> <!-- com.project.ErrorTest -->
