<?xml version="1.0" encoding="UTF-8"?>
<!-- Generated by org.testng.reporters.JUnitReportReporter -->
<testsuite hostname="DESKTOP-0C32FSB" failures="0" tests="1" name="com.project.EndToEndTest" time="3.513" errors="0" timestamp="2024-03-16T15:57:09 IST" skipped="0">
  <testcase classname="com.project.EndToEndTest" name="Login" time="3.513"/>
  <system-out/>
</testsuite> <!-- com.project.EndToEndTest -->
